<?xml version="1.0" encoding="utf-8"?>
<TestRun id="57024c9d-8421-421f-b652-74f48b08a79e" name="@fv-az1440-975 2025-03-28 05:56:48" xmlns="http://microsoft.com/schemas/VisualStudio/TeamTest/2010">
  <Times creation="2025-03-28T05:56:48.5786372+00:00" queuing="2025-03-28T05:56:48.5786373+00:00" start="2025-03-28T05:56:47.7663528+00:00" finish="2025-03-28T05:56:48.5860310+00:00" />
  <TestSettings name="default" id="48ab462c-d8d6-4f90-8ded-4f8cd9ac4fe5">
    <Deployment runDeploymentRoot="_fv-az1440-975_2025-03-28_05_56_48" />
  </TestSettings>
  <Results>
    <UnitTestResult executionId="cd8649f2-f33b-4c8c-ad51-f46e37dd30ca" testId="43f84606-b6c5-64b7-bc6e-37de90b408da" testName="TestMyMiddlewareIntegration (100)" computerName="fv-az1440-975" duration="00:00:00.1044102" startTime="2025-03-28T05:56:48.2187190+00:00" endTime="2025-03-28T05:56:48.4531275+00:00" testType="13cdc9d9-ddb5-4fa4-a97d-d965ccfc6d4b" outcome="Passed" testListId="8c84fa94-04c1-424b-9868-57a2d4851a1d" relativeResultsDirectory="cd8649f2-f33b-4c8c-ad51-f46e37dd30ca">
      <Output>
        <StdOut>05:56:48.32 INF Ctx: Microsoft.Hosting.Lifetime
05:56:48.32 INF Msg: Application started. Press Ctrl+C to shut down.
05:56:48.33 INF Ctx: Microsoft.Hosting.Lifetime
05:56:48.33 INF Msg: Hosting environment: Production
05:56:48.33 INF Ctx: Microsoft.Hosting.Lifetime
05:56:48.33 INF Msg: Content root path: /home/runner/work/BlackBytesBox.Serilog.AnsiConsoleThemes/BlackBytesBox.Serilog.AnsiConsoleThemes/source/BlackBytesBox.Serilog.AnsiConsoleThemes/BlackBytesBox.Serilog.AnsiConsoleThemes.Tests/bin/Release/net9.0
05:56:48.45 INF Ctx: Microsoft.Hosting.Lifetime
05:56:48.45 INF Msg: Application is shutting down...</StdOut>
      </Output>
    </UnitTestResult>
  </Results>
  <TestDefinitions>
    <UnitTest name="TestMyMiddlewareIntegration (100)" storage="/home/runner/work/blackbytesbox.serilog.ansiconsolethemes/blackbytesbox.serilog.ansiconsolethemes/source/blackbytesbox.serilog.ansiconsolethemes/blackbytesbox.serilog.ansiconsolethemes.tests/bin/release/net9.0/blackbytesbox.serilog.ansiconsolethemes.tests.dll" id="43f84606-b6c5-64b7-bc6e-37de90b408da">
      <Execution id="cd8649f2-f33b-4c8c-ad51-f46e37dd30ca" />
      <TestMethod codeBase="/home/runner/work/BlackBytesBox.Serilog.AnsiConsoleThemes/BlackBytesBox.Serilog.AnsiConsoleThemes/source/BlackBytesBox.Serilog.AnsiConsoleThemes/BlackBytesBox.Serilog.AnsiConsoleThemes.Tests/bin/Release/net9.0/BlackBytesBox.Serilog.AnsiConsoleThemes.Tests.dll" adapterTypeName="executor://mstestadapter/v2" className="BlackBytesBox.Serilog.AnsiConsoleThemes.Tests.VisualInspecionTest" name="TestMyMiddlewareIntegration" />
    </UnitTest>
  </TestDefinitions>
  <TestEntries>
    <TestEntry testId="43f84606-b6c5-64b7-bc6e-37de90b408da" executionId="cd8649f2-f33b-4c8c-ad51-f46e37dd30ca" testListId="8c84fa94-04c1-424b-9868-57a2d4851a1d" />
  </TestEntries>
  <TestLists>
    <TestList name="Results Not in a List" id="8c84fa94-04c1-424b-9868-57a2d4851a1d" />
    <TestList name="All Loaded Results" id="19431567-8539-422a-85d7-44ee4e166bda" />
  </TestLists>
  <ResultSummary outcome="Completed">
    <Counters total="1" executed="1" passed="1" failed="0" error="0" timeout="0" aborted="0" inconclusive="0" passedButRunAborted="0" notRunnable="0" notExecuted="0" disconnected="0" warning="0" completed="0" inProgress="0" pending="0" />
    <Output>
      <StdOut>Test Parallelization enabled for /home/runner/work/BlackBytesBox.Serilog.AnsiConsoleThemes/BlackBytesBox.Serilog.AnsiConsoleThemes/source/BlackBytesBox.Serilog.AnsiConsoleThemes/BlackBytesBox.Serilog.AnsiConsoleThemes.Tests/bin/Release/net9.0/BlackBytesBox.Serilog.AnsiConsoleThemes.Tests.dll (Workers: 4, Scope: MethodLevel)
</StdOut>
    </Output>
  </ResultSummary>
</TestRun>