<?xml version="1.0" encoding="utf-8"?>
<TestRun id="c6d47808-64b0-4816-a6c0-4cb5236ac3a0" name="@fv-az1373-619 2025-06-24 20:13:48" xmlns="http://microsoft.com/schemas/VisualStudio/TeamTest/2010">
  <Times creation="2025-06-24T20:13:48.3521379+00:00" queuing="2025-06-24T20:13:48.3521380+00:00" start="2025-06-24T20:13:47.4914353+00:00" finish="2025-06-24T20:13:48.3607655+00:00" />
  <TestSettings name="default" id="66ea7457-895f-4e6d-becb-6c9637338bae">
    <Deployment runDeploymentRoot="_fv-az1373-619_2025-06-24_20_13_48" />
  </TestSettings>
  <Results>
    <UnitTestResult executionId="0f9761e1-07cb-4e9f-8009-b058eea83f66" testId="43f84606-b6c5-64b7-bc6e-37de90b408da" testName="TestMyMiddlewareIntegration (100)" computerName="fv-az1373-619" duration="00:00:00.1047840" startTime="2025-06-24T20:13:47.9593829+00:00" endTime="2025-06-24T20:13:48.2036447+00:00" testType="13cdc9d9-ddb5-4fa4-a97d-d965ccfc6d4b" outcome="Passed" testListId="8c84fa94-04c1-424b-9868-57a2d4851a1d" relativeResultsDirectory="0f9761e1-07cb-4e9f-8009-b058eea83f66">
      <Output>
        <StdOut>20:13:48.07 INF Ctx: Microsoft.Hosting.Lifetime
20:13:48.07 INF Msg: Application started. Press Ctrl+C to shut down.
20:13:48.08 INF Ctx: Microsoft.Hosting.Lifetime
20:13:48.08 INF Msg: Hosting environment: Production
20:13:48.08 INF Ctx: Microsoft.Hosting.Lifetime
20:13:48.08 INF Msg: Content root path: /home/runner/work/BlackBytesBox.Serilog.AnsiConsoleThemes/BlackBytesBox.Serilog.AnsiConsoleThemes/source/BlackBytesBox.Serilog.AnsiConsoleThemes/BlackBytesBox.Serilog.AnsiConsoleThemes.Tests/bin/Release/net9.0
20:13:48.20 INF Ctx: Microsoft.Hosting.Lifetime
20:13:48.20 INF Msg: Application is shutting down...</StdOut>
      </Output>
    </UnitTestResult>
  </Results>
  <TestDefinitions>
    <UnitTest name="TestMyMiddlewareIntegration (100)" storage="/home/runner/work/blackbytesbox.serilog.ansiconsolethemes/blackbytesbox.serilog.ansiconsolethemes/source/blackbytesbox.serilog.ansiconsolethemes/blackbytesbox.serilog.ansiconsolethemes.tests/bin/release/net9.0/blackbytesbox.serilog.ansiconsolethemes.tests.dll" id="43f84606-b6c5-64b7-bc6e-37de90b408da">
      <Execution id="0f9761e1-07cb-4e9f-8009-b058eea83f66" />
      <TestMethod codeBase="/home/runner/work/BlackBytesBox.Serilog.AnsiConsoleThemes/BlackBytesBox.Serilog.AnsiConsoleThemes/source/BlackBytesBox.Serilog.AnsiConsoleThemes/BlackBytesBox.Serilog.AnsiConsoleThemes.Tests/bin/Release/net9.0/BlackBytesBox.Serilog.AnsiConsoleThemes.Tests.dll" adapterTypeName="executor://mstestadapter/v2" className="BlackBytesBox.Serilog.AnsiConsoleThemes.Tests.VisualInspecionTest" name="TestMyMiddlewareIntegration" />
    </UnitTest>
  </TestDefinitions>
  <TestEntries>
    <TestEntry testId="43f84606-b6c5-64b7-bc6e-37de90b408da" executionId="0f9761e1-07cb-4e9f-8009-b058eea83f66" testListId="8c84fa94-04c1-424b-9868-57a2d4851a1d" />
  </TestEntries>
  <TestLists>
    <TestList name="Results Not in a List" id="8c84fa94-04c1-424b-9868-57a2d4851a1d" />
    <TestList name="All Loaded Results" id="19431567-8539-422a-85d7-44ee4e166bda" />
  </TestLists>
  <ResultSummary outcome="Completed">
    <Counters total="1" executed="1" passed="1" failed="0" error="0" timeout="0" aborted="0" inconclusive="0" passedButRunAborted="0" notRunnable="0" notExecuted="0" disconnected="0" warning="0" completed="0" inProgress="0" pending="0" />
    <Output>
      <StdOut>Test Parallelization enabled for /home/runner/work/BlackBytesBox.Serilog.AnsiConsoleThemes/BlackBytesBox.Serilog.AnsiConsoleThemes/source/BlackBytesBox.Serilog.AnsiConsoleThemes/BlackBytesBox.Serilog.AnsiConsoleThemes.Tests/bin/Release/net9.0/BlackBytesBox.Serilog.AnsiConsoleThemes.Tests.dll (Workers: 4, Scope: MethodLevel)
</StdOut>
    </Output>
  </ResultSummary>
</TestRun>