<?xml version="1.0" encoding="utf-8"?>
<TestRun id="cf2f1fed-f550-473d-914b-c9d62266d848" name="@fv-az1044-403 2025-03-26 05:06:35" xmlns="http://microsoft.com/schemas/VisualStudio/TeamTest/2010">
  <Times creation="2025-03-26T05:06:35.8806128+00:00" queuing="2025-03-26T05:06:35.8806129+00:00" start="2025-03-26T05:06:35.0663296+00:00" finish="2025-03-26T05:06:35.8865521+00:00" />
  <TestSettings name="default" id="861cb75e-7716-4185-8749-14ebc316f8e8">
    <Deployment runDeploymentRoot="_fv-az1044-403_2025-03-26_05_06_35" />
  </TestSettings>
  <Results>
    <UnitTestResult executionId="2d4beacf-2ead-4990-a665-7b941519a369" testId="43f84606-b6c5-64b7-bc6e-37de90b408da" testName="TestMyMiddlewareIntegration (100)" computerName="fv-az1044-403" duration="00:00:00.1034017" startTime="2025-03-26T05:06:35.5153820+00:00" endTime="2025-03-26T05:06:35.7531702+00:00" testType="13cdc9d9-ddb5-4fa4-a97d-d965ccfc6d4b" outcome="Passed" testListId="8c84fa94-04c1-424b-9868-57a2d4851a1d" relativeResultsDirectory="2d4beacf-2ead-4990-a665-7b941519a369">
      <Output>
        <StdOut>05:06:35.62 INF Ctx: Microsoft.Hosting.Lifetime
05:06:35.62 INF Msg: Application started. Press Ctrl+C to shut down.
05:06:35.63 INF Ctx: Microsoft.Hosting.Lifetime
05:06:35.63 INF Msg: Hosting environment: Production
05:06:35.63 INF Ctx: Microsoft.Hosting.Lifetime
05:06:35.63 INF Msg: Content root path: /home/runner/work/BlackBytesBox.Serilog.AnsiConsoleThemes/BlackBytesBox.Serilog.AnsiConsoleThemes/source/BlackBytesBox.Serilog.AnsiConsoleThemes/BlackBytesBox.Serilog.AnsiConsoleThemes.Tests/bin/Release/net9.0
05:06:35.75 INF Ctx: Microsoft.Hosting.Lifetime
05:06:35.75 INF Msg: Application is shutting down...</StdOut>
      </Output>
    </UnitTestResult>
  </Results>
  <TestDefinitions>
    <UnitTest name="TestMyMiddlewareIntegration (100)" storage="/home/runner/work/blackbytesbox.serilog.ansiconsolethemes/blackbytesbox.serilog.ansiconsolethemes/source/blackbytesbox.serilog.ansiconsolethemes/blackbytesbox.serilog.ansiconsolethemes.tests/bin/release/net9.0/blackbytesbox.serilog.ansiconsolethemes.tests.dll" id="43f84606-b6c5-64b7-bc6e-37de90b408da">
      <Execution id="2d4beacf-2ead-4990-a665-7b941519a369" />
      <TestMethod codeBase="/home/runner/work/BlackBytesBox.Serilog.AnsiConsoleThemes/BlackBytesBox.Serilog.AnsiConsoleThemes/source/BlackBytesBox.Serilog.AnsiConsoleThemes/BlackBytesBox.Serilog.AnsiConsoleThemes.Tests/bin/Release/net9.0/BlackBytesBox.Serilog.AnsiConsoleThemes.Tests.dll" adapterTypeName="executor://mstestadapter/v2" className="BlackBytesBox.Serilog.AnsiConsoleThemes.Tests.VisualInspecionTest" name="TestMyMiddlewareIntegration" />
    </UnitTest>
  </TestDefinitions>
  <TestEntries>
    <TestEntry testId="43f84606-b6c5-64b7-bc6e-37de90b408da" executionId="2d4beacf-2ead-4990-a665-7b941519a369" testListId="8c84fa94-04c1-424b-9868-57a2d4851a1d" />
  </TestEntries>
  <TestLists>
    <TestList name="Results Not in a List" id="8c84fa94-04c1-424b-9868-57a2d4851a1d" />
    <TestList name="All Loaded Results" id="19431567-8539-422a-85d7-44ee4e166bda" />
  </TestLists>
  <ResultSummary outcome="Completed">
    <Counters total="1" executed="1" passed="1" failed="0" error="0" timeout="0" aborted="0" inconclusive="0" passedButRunAborted="0" notRunnable="0" notExecuted="0" disconnected="0" warning="0" completed="0" inProgress="0" pending="0" />
    <Output>
      <StdOut>Test Parallelization enabled for /home/runner/work/BlackBytesBox.Serilog.AnsiConsoleThemes/BlackBytesBox.Serilog.AnsiConsoleThemes/source/BlackBytesBox.Serilog.AnsiConsoleThemes/BlackBytesBox.Serilog.AnsiConsoleThemes.Tests/bin/Release/net9.0/BlackBytesBox.Serilog.AnsiConsoleThemes.Tests.dll (Workers: 4, Scope: MethodLevel)
</StdOut>
    </Output>
  </ResultSummary>
</TestRun>