<?xml version="1.0" encoding="utf-8"?>
<TestRun id="20be2b1f-ec93-49e6-888e-098cc6009981" name="@fv-az1909-896 2025-06-10 07:44:41" xmlns="http://microsoft.com/schemas/VisualStudio/TeamTest/2010">
  <Times creation="2025-06-10T07:44:41.6032349+00:00" queuing="2025-06-10T07:44:41.6032350+00:00" start="2025-06-10T07:44:40.7685177+00:00" finish="2025-06-10T07:44:41.6092081+00:00" />
  <TestSettings name="default" id="071a1131-09eb-49b2-a791-0a81c92aac71">
    <Deployment runDeploymentRoot="_fv-az1909-896_2025-06-10_07_44_41" />
  </TestSettings>
  <Results>
    <UnitTestResult executionId="0a5ca186-b8fb-4830-88c3-70e9d5eb2f61" testId="43f84606-b6c5-64b7-bc6e-37de90b408da" testName="TestMyMiddlewareIntegration (100)" computerName="fv-az1909-896" duration="00:00:00.1042252" startTime="2025-06-10T07:44:41.2232889+00:00" endTime="2025-06-10T07:44:41.4694184+00:00" testType="13cdc9d9-ddb5-4fa4-a97d-d965ccfc6d4b" outcome="Passed" testListId="8c84fa94-04c1-424b-9868-57a2d4851a1d" relativeResultsDirectory="0a5ca186-b8fb-4830-88c3-70e9d5eb2f61">
      <Output>
        <StdOut>07:44:41.33 INF Ctx: Microsoft.Hosting.Lifetime
07:44:41.33 INF Msg: Application started. Press Ctrl+C to shut down.
07:44:41.34 INF Ctx: Microsoft.Hosting.Lifetime
07:44:41.34 INF Msg: Hosting environment: Production
07:44:41.34 INF Ctx: Microsoft.Hosting.Lifetime
07:44:41.34 INF Msg: Content root path: /home/runner/work/BlackBytesBox.Serilog.AnsiConsoleThemes/BlackBytesBox.Serilog.AnsiConsoleThemes/source/BlackBytesBox.Serilog.AnsiConsoleThemes/BlackBytesBox.Serilog.AnsiConsoleThemes.Tests/bin/Release/net9.0
07:44:41.46 INF Ctx: Microsoft.Hosting.Lifetime
07:44:41.46 INF Msg: Application is shutting down...</StdOut>
      </Output>
    </UnitTestResult>
  </Results>
  <TestDefinitions>
    <UnitTest name="TestMyMiddlewareIntegration (100)" storage="/home/runner/work/blackbytesbox.serilog.ansiconsolethemes/blackbytesbox.serilog.ansiconsolethemes/source/blackbytesbox.serilog.ansiconsolethemes/blackbytesbox.serilog.ansiconsolethemes.tests/bin/release/net9.0/blackbytesbox.serilog.ansiconsolethemes.tests.dll" id="43f84606-b6c5-64b7-bc6e-37de90b408da">
      <Execution id="0a5ca186-b8fb-4830-88c3-70e9d5eb2f61" />
      <TestMethod codeBase="/home/runner/work/BlackBytesBox.Serilog.AnsiConsoleThemes/BlackBytesBox.Serilog.AnsiConsoleThemes/source/BlackBytesBox.Serilog.AnsiConsoleThemes/BlackBytesBox.Serilog.AnsiConsoleThemes.Tests/bin/Release/net9.0/BlackBytesBox.Serilog.AnsiConsoleThemes.Tests.dll" adapterTypeName="executor://mstestadapter/v2" className="BlackBytesBox.Serilog.AnsiConsoleThemes.Tests.VisualInspecionTest" name="TestMyMiddlewareIntegration" />
    </UnitTest>
  </TestDefinitions>
  <TestEntries>
    <TestEntry testId="43f84606-b6c5-64b7-bc6e-37de90b408da" executionId="0a5ca186-b8fb-4830-88c3-70e9d5eb2f61" testListId="8c84fa94-04c1-424b-9868-57a2d4851a1d" />
  </TestEntries>
  <TestLists>
    <TestList name="Results Not in a List" id="8c84fa94-04c1-424b-9868-57a2d4851a1d" />
    <TestList name="All Loaded Results" id="19431567-8539-422a-85d7-44ee4e166bda" />
  </TestLists>
  <ResultSummary outcome="Completed">
    <Counters total="1" executed="1" passed="1" failed="0" error="0" timeout="0" aborted="0" inconclusive="0" passedButRunAborted="0" notRunnable="0" notExecuted="0" disconnected="0" warning="0" completed="0" inProgress="0" pending="0" />
    <Output>
      <StdOut>Test Parallelization enabled for /home/runner/work/BlackBytesBox.Serilog.AnsiConsoleThemes/BlackBytesBox.Serilog.AnsiConsoleThemes/source/BlackBytesBox.Serilog.AnsiConsoleThemes/BlackBytesBox.Serilog.AnsiConsoleThemes.Tests/bin/Release/net9.0/BlackBytesBox.Serilog.AnsiConsoleThemes.Tests.dll (Workers: 4, Scope: MethodLevel)
</StdOut>
    </Output>
  </ResultSummary>
</TestRun>