<?xml version="1.0" encoding="utf-8"?>
<TestRun id="d7d50f01-9211-4c24-b4c6-096eaffc362c" name="@fv-az1376-23 2025-04-16 17:47:21" xmlns="http://microsoft.com/schemas/VisualStudio/TeamTest/2010">
  <Times creation="2025-04-16T17:47:21.2106952+00:00" queuing="2025-04-16T17:47:21.2106954+00:00" start="2025-04-16T17:47:20.3591353+00:00" finish="2025-04-16T17:47:21.2169088+00:00" />
  <TestSettings name="default" id="b769eb22-2696-404a-bb42-5aeb16e9af3b">
    <Deployment runDeploymentRoot="_fv-az1376-23_2025-04-16_17_47_21" />
  </TestSettings>
  <Results>
    <UnitTestResult executionId="4397405e-7ebb-44a0-bb6c-4f90f6338291" testId="43f84606-b6c5-64b7-bc6e-37de90b408da" testName="TestMyMiddlewareIntegration (100)" computerName="fv-az1376-23" duration="00:00:00.1053499" startTime="2025-04-16T17:47:20.8167039+00:00" endTime="2025-04-16T17:47:21.0697371+00:00" testType="13cdc9d9-ddb5-4fa4-a97d-d965ccfc6d4b" outcome="Passed" testListId="8c84fa94-04c1-424b-9868-57a2d4851a1d" relativeResultsDirectory="4397405e-7ebb-44a0-bb6c-4f90f6338291">
      <Output>
        <StdOut>17:47:20.93 INF Ctx: Microsoft.Hosting.Lifetime
17:47:20.93 INF Msg: Application started. Press Ctrl+C to shut down.
17:47:20.94 INF Ctx: Microsoft.Hosting.Lifetime
17:47:20.94 INF Msg: Hosting environment: Production
17:47:20.94 INF Ctx: Microsoft.Hosting.Lifetime
17:47:20.94 INF Msg: Content root path: /home/runner/work/BlackBytesBox.Serilog.AnsiConsoleThemes/BlackBytesBox.Serilog.AnsiConsoleThemes/source/BlackBytesBox.Serilog.AnsiConsoleThemes/BlackBytesBox.Serilog.AnsiConsoleThemes.Tests/bin/Release/net9.0
17:47:21.06 INF Ctx: Microsoft.Hosting.Lifetime
17:47:21.06 INF Msg: Application is shutting down...</StdOut>
      </Output>
    </UnitTestResult>
  </Results>
  <TestDefinitions>
    <UnitTest name="TestMyMiddlewareIntegration (100)" storage="/home/runner/work/blackbytesbox.serilog.ansiconsolethemes/blackbytesbox.serilog.ansiconsolethemes/source/blackbytesbox.serilog.ansiconsolethemes/blackbytesbox.serilog.ansiconsolethemes.tests/bin/release/net9.0/blackbytesbox.serilog.ansiconsolethemes.tests.dll" id="43f84606-b6c5-64b7-bc6e-37de90b408da">
      <Execution id="4397405e-7ebb-44a0-bb6c-4f90f6338291" />
      <TestMethod codeBase="/home/runner/work/BlackBytesBox.Serilog.AnsiConsoleThemes/BlackBytesBox.Serilog.AnsiConsoleThemes/source/BlackBytesBox.Serilog.AnsiConsoleThemes/BlackBytesBox.Serilog.AnsiConsoleThemes.Tests/bin/Release/net9.0/BlackBytesBox.Serilog.AnsiConsoleThemes.Tests.dll" adapterTypeName="executor://mstestadapter/v2" className="BlackBytesBox.Serilog.AnsiConsoleThemes.Tests.VisualInspecionTest" name="TestMyMiddlewareIntegration" />
    </UnitTest>
  </TestDefinitions>
  <TestEntries>
    <TestEntry testId="43f84606-b6c5-64b7-bc6e-37de90b408da" executionId="4397405e-7ebb-44a0-bb6c-4f90f6338291" testListId="8c84fa94-04c1-424b-9868-57a2d4851a1d" />
  </TestEntries>
  <TestLists>
    <TestList name="Results Not in a List" id="8c84fa94-04c1-424b-9868-57a2d4851a1d" />
    <TestList name="All Loaded Results" id="19431567-8539-422a-85d7-44ee4e166bda" />
  </TestLists>
  <ResultSummary outcome="Completed">
    <Counters total="1" executed="1" passed="1" failed="0" error="0" timeout="0" aborted="0" inconclusive="0" passedButRunAborted="0" notRunnable="0" notExecuted="0" disconnected="0" warning="0" completed="0" inProgress="0" pending="0" />
    <Output>
      <StdOut>Test Parallelization enabled for /home/runner/work/BlackBytesBox.Serilog.AnsiConsoleThemes/BlackBytesBox.Serilog.AnsiConsoleThemes/source/BlackBytesBox.Serilog.AnsiConsoleThemes/BlackBytesBox.Serilog.AnsiConsoleThemes.Tests/bin/Release/net9.0/BlackBytesBox.Serilog.AnsiConsoleThemes.Tests.dll (Workers: 4, Scope: MethodLevel)
</StdOut>
    </Output>
  </ResultSummary>
</TestRun>