<?xml version="1.0" encoding="utf-8"?>
<TestRun id="83285413-907a-4440-9c04-4552d09e334a" name="@fv-az1979-757 2025-03-28 05:52:34" xmlns="http://microsoft.com/schemas/VisualStudio/TeamTest/2010">
  <Times creation="2025-03-28T05:52:34.5944295+00:00" queuing="2025-03-28T05:52:34.5944296+00:00" start="2025-03-28T05:52:33.7596353+00:00" finish="2025-03-28T05:52:34.6020812+00:00" />
  <TestSettings name="default" id="15142de8-cba7-4742-b913-411c6762f15e">
    <Deployment runDeploymentRoot="_fv-az1979-757_2025-03-28_05_52_34" />
  </TestSettings>
  <Results>
    <UnitTestResult executionId="ba1342c2-5697-4a21-a1d2-350926353175" testId="43f84606-b6c5-64b7-bc6e-37de90b408da" testName="TestMyMiddlewareIntegration (100)" computerName="fv-az1979-757" duration="00:00:00.1043838" startTime="2025-03-28T05:52:34.2214421+00:00" endTime="2025-03-28T05:52:34.4632487+00:00" testType="13cdc9d9-ddb5-4fa4-a97d-d965ccfc6d4b" outcome="Passed" testListId="8c84fa94-04c1-424b-9868-57a2d4851a1d" relativeResultsDirectory="ba1342c2-5697-4a21-a1d2-350926353175">
      <Output>
        <StdOut>05:52:34.33 INF Ctx: Microsoft.Hosting.Lifetime
05:52:34.33 INF Msg: Application started. Press Ctrl+C to shut down.
05:52:34.34 INF Ctx: Microsoft.Hosting.Lifetime
05:52:34.34 INF Msg: Hosting environment: Production
05:52:34.34 INF Ctx: Microsoft.Hosting.Lifetime
05:52:34.34 INF Msg: Content root path: /home/runner/work/BlackBytesBox.Serilog.AnsiConsoleThemes/BlackBytesBox.Serilog.AnsiConsoleThemes/source/BlackBytesBox.Serilog.AnsiConsoleThemes/BlackBytesBox.Serilog.AnsiConsoleThemes.Tests/bin/Release/net9.0
05:52:34.46 INF Ctx: Microsoft.Hosting.Lifetime
05:52:34.46 INF Msg: Application is shutting down...</StdOut>
      </Output>
    </UnitTestResult>
  </Results>
  <TestDefinitions>
    <UnitTest name="TestMyMiddlewareIntegration (100)" storage="/home/runner/work/blackbytesbox.serilog.ansiconsolethemes/blackbytesbox.serilog.ansiconsolethemes/source/blackbytesbox.serilog.ansiconsolethemes/blackbytesbox.serilog.ansiconsolethemes.tests/bin/release/net9.0/blackbytesbox.serilog.ansiconsolethemes.tests.dll" id="43f84606-b6c5-64b7-bc6e-37de90b408da">
      <Execution id="ba1342c2-5697-4a21-a1d2-350926353175" />
      <TestMethod codeBase="/home/runner/work/BlackBytesBox.Serilog.AnsiConsoleThemes/BlackBytesBox.Serilog.AnsiConsoleThemes/source/BlackBytesBox.Serilog.AnsiConsoleThemes/BlackBytesBox.Serilog.AnsiConsoleThemes.Tests/bin/Release/net9.0/BlackBytesBox.Serilog.AnsiConsoleThemes.Tests.dll" adapterTypeName="executor://mstestadapter/v2" className="BlackBytesBox.Serilog.AnsiConsoleThemes.Tests.VisualInspecionTest" name="TestMyMiddlewareIntegration" />
    </UnitTest>
  </TestDefinitions>
  <TestEntries>
    <TestEntry testId="43f84606-b6c5-64b7-bc6e-37de90b408da" executionId="ba1342c2-5697-4a21-a1d2-350926353175" testListId="8c84fa94-04c1-424b-9868-57a2d4851a1d" />
  </TestEntries>
  <TestLists>
    <TestList name="Results Not in a List" id="8c84fa94-04c1-424b-9868-57a2d4851a1d" />
    <TestList name="All Loaded Results" id="19431567-8539-422a-85d7-44ee4e166bda" />
  </TestLists>
  <ResultSummary outcome="Completed">
    <Counters total="1" executed="1" passed="1" failed="0" error="0" timeout="0" aborted="0" inconclusive="0" passedButRunAborted="0" notRunnable="0" notExecuted="0" disconnected="0" warning="0" completed="0" inProgress="0" pending="0" />
    <Output>
      <StdOut>Test Parallelization enabled for /home/runner/work/BlackBytesBox.Serilog.AnsiConsoleThemes/BlackBytesBox.Serilog.AnsiConsoleThemes/source/BlackBytesBox.Serilog.AnsiConsoleThemes/BlackBytesBox.Serilog.AnsiConsoleThemes.Tests/bin/Release/net9.0/BlackBytesBox.Serilog.AnsiConsoleThemes.Tests.dll (Workers: 4, Scope: MethodLevel)
</StdOut>
    </Output>
  </ResultSummary>
</TestRun>