<?xml version="1.0" encoding="utf-8"?>
<TestRun id="6e5f6646-1622-4b24-bfb1-cdb9f0e62fbd" name="@fv-az1784-745 2025-03-28 04:59:24" xmlns="http://microsoft.com/schemas/VisualStudio/TeamTest/2010">
  <Times creation="2025-03-28T04:59:24.8927557+00:00" queuing="2025-03-28T04:59:24.8927558+00:00" start="2025-03-28T04:59:24.0780110+00:00" finish="2025-03-28T04:59:24.9002605+00:00" />
  <TestSettings name="default" id="792793c9-f8f8-4ffb-9a38-aac92d12b50a">
    <Deployment runDeploymentRoot="_fv-az1784-745_2025-03-28_04_59_24" />
  </TestSettings>
  <Results>
    <UnitTestResult executionId="5e29411a-ed85-4f9b-8c7c-1396e4d7b57f" testId="43f84606-b6c5-64b7-bc6e-37de90b408da" testName="TestMyMiddlewareIntegration (100)" computerName="fv-az1784-745" duration="00:00:00.1042415" startTime="2025-03-28T04:59:24.5332468+00:00" endTime="2025-03-28T04:59:24.7676306+00:00" testType="13cdc9d9-ddb5-4fa4-a97d-d965ccfc6d4b" outcome="Passed" testListId="8c84fa94-04c1-424b-9868-57a2d4851a1d" relativeResultsDirectory="5e29411a-ed85-4f9b-8c7c-1396e4d7b57f">
      <Output>
        <StdOut>04:59:24.63 INF Ctx: Microsoft.Hosting.Lifetime
04:59:24.63 INF Msg: Application started. Press Ctrl+C to shut down.
04:59:24.64 INF Ctx: Microsoft.Hosting.Lifetime
04:59:24.64 INF Msg: Hosting environment: Production
04:59:24.64 INF Ctx: Microsoft.Hosting.Lifetime
04:59:24.64 INF Msg: Content root path: /home/runner/work/BlackBytesBox.Serilog.AnsiConsoleThemes/BlackBytesBox.Serilog.AnsiConsoleThemes/source/BlackBytesBox.Serilog.AnsiConsoleThemes/BlackBytesBox.Serilog.AnsiConsoleThemes.Tests/bin/Release/net9.0
04:59:24.76 INF Ctx: Microsoft.Hosting.Lifetime
04:59:24.76 INF Msg: Application is shutting down...</StdOut>
      </Output>
    </UnitTestResult>
  </Results>
  <TestDefinitions>
    <UnitTest name="TestMyMiddlewareIntegration (100)" storage="/home/runner/work/blackbytesbox.serilog.ansiconsolethemes/blackbytesbox.serilog.ansiconsolethemes/source/blackbytesbox.serilog.ansiconsolethemes/blackbytesbox.serilog.ansiconsolethemes.tests/bin/release/net9.0/blackbytesbox.serilog.ansiconsolethemes.tests.dll" id="43f84606-b6c5-64b7-bc6e-37de90b408da">
      <Execution id="5e29411a-ed85-4f9b-8c7c-1396e4d7b57f" />
      <TestMethod codeBase="/home/runner/work/BlackBytesBox.Serilog.AnsiConsoleThemes/BlackBytesBox.Serilog.AnsiConsoleThemes/source/BlackBytesBox.Serilog.AnsiConsoleThemes/BlackBytesBox.Serilog.AnsiConsoleThemes.Tests/bin/Release/net9.0/BlackBytesBox.Serilog.AnsiConsoleThemes.Tests.dll" adapterTypeName="executor://mstestadapter/v2" className="BlackBytesBox.Serilog.AnsiConsoleThemes.Tests.VisualInspecionTest" name="TestMyMiddlewareIntegration" />
    </UnitTest>
  </TestDefinitions>
  <TestEntries>
    <TestEntry testId="43f84606-b6c5-64b7-bc6e-37de90b408da" executionId="5e29411a-ed85-4f9b-8c7c-1396e4d7b57f" testListId="8c84fa94-04c1-424b-9868-57a2d4851a1d" />
  </TestEntries>
  <TestLists>
    <TestList name="Results Not in a List" id="8c84fa94-04c1-424b-9868-57a2d4851a1d" />
    <TestList name="All Loaded Results" id="19431567-8539-422a-85d7-44ee4e166bda" />
  </TestLists>
  <ResultSummary outcome="Completed">
    <Counters total="1" executed="1" passed="1" failed="0" error="0" timeout="0" aborted="0" inconclusive="0" passedButRunAborted="0" notRunnable="0" notExecuted="0" disconnected="0" warning="0" completed="0" inProgress="0" pending="0" />
    <Output>
      <StdOut>Test Parallelization enabled for /home/runner/work/BlackBytesBox.Serilog.AnsiConsoleThemes/BlackBytesBox.Serilog.AnsiConsoleThemes/source/BlackBytesBox.Serilog.AnsiConsoleThemes/BlackBytesBox.Serilog.AnsiConsoleThemes.Tests/bin/Release/net9.0/BlackBytesBox.Serilog.AnsiConsoleThemes.Tests.dll (Workers: 4, Scope: MethodLevel)
</StdOut>
    </Output>
  </ResultSummary>
</TestRun>