<?xml version="1.0" encoding="utf-8"?>
<TestRun id="8bb16300-ef00-4f61-8a55-2d2b15470dcf" name="@fv-az1361-915 2025-03-26 04:48:05" xmlns="http://microsoft.com/schemas/VisualStudio/TeamTest/2010">
  <Times creation="2025-03-26T04:48:05.4305019+00:00" queuing="2025-03-26T04:48:05.4305020+00:00" start="2025-03-26T04:48:04.6217629+00:00" finish="2025-03-26T04:48:05.4363985+00:00" />
  <TestSettings name="default" id="96580989-0424-45ee-9fee-4ef04fc0c59c">
    <Deployment runDeploymentRoot="_fv-az1361-915_2025-03-26_04_48_05" />
  </TestSettings>
  <Results>
    <UnitTestResult executionId="6e5ddfd8-eb41-429e-837a-468c2c36746d" testId="43f84606-b6c5-64b7-bc6e-37de90b408da" testName="TestMyMiddlewareIntegration (100)" computerName="fv-az1361-915" duration="00:00:00.1049969" startTime="2025-03-26T04:48:05.0620267+00:00" endTime="2025-03-26T04:48:05.3068936+00:00" testType="13cdc9d9-ddb5-4fa4-a97d-d965ccfc6d4b" outcome="Passed" testListId="8c84fa94-04c1-424b-9868-57a2d4851a1d" relativeResultsDirectory="6e5ddfd8-eb41-429e-837a-468c2c36746d">
      <Output>
        <StdOut>04:48:05.17 INF Ctx: Microsoft.Hosting.Lifetime
04:48:05.17 INF Msg: Application started. Press Ctrl+C to shut down.
04:48:05.18 INF Ctx: Microsoft.Hosting.Lifetime
04:48:05.18 INF Msg: Hosting environment: Production
04:48:05.18 INF Ctx: Microsoft.Hosting.Lifetime
04:48:05.18 INF Msg: Content root path: /home/runner/work/BlackBytesBox.Serilog.AnsiConsoleThemes/BlackBytesBox.Serilog.AnsiConsoleThemes/source/BlackBytesBox.Serilog.AnsiConsoleThemes/BlackBytesBox.Serilog.AnsiConsoleThemes.Tests/bin/Release/net9.0
04:48:05.30 INF Ctx: Microsoft.Hosting.Lifetime
04:48:05.30 INF Msg: Application is shutting down...</StdOut>
      </Output>
    </UnitTestResult>
  </Results>
  <TestDefinitions>
    <UnitTest name="TestMyMiddlewareIntegration (100)" storage="/home/runner/work/blackbytesbox.serilog.ansiconsolethemes/blackbytesbox.serilog.ansiconsolethemes/source/blackbytesbox.serilog.ansiconsolethemes/blackbytesbox.serilog.ansiconsolethemes.tests/bin/release/net9.0/blackbytesbox.serilog.ansiconsolethemes.tests.dll" id="43f84606-b6c5-64b7-bc6e-37de90b408da">
      <Execution id="6e5ddfd8-eb41-429e-837a-468c2c36746d" />
      <TestMethod codeBase="/home/runner/work/BlackBytesBox.Serilog.AnsiConsoleThemes/BlackBytesBox.Serilog.AnsiConsoleThemes/source/BlackBytesBox.Serilog.AnsiConsoleThemes/BlackBytesBox.Serilog.AnsiConsoleThemes.Tests/bin/Release/net9.0/BlackBytesBox.Serilog.AnsiConsoleThemes.Tests.dll" adapterTypeName="executor://mstestadapter/v2" className="BlackBytesBox.Serilog.AnsiConsoleThemes.Tests.VisualInspecionTest" name="TestMyMiddlewareIntegration" />
    </UnitTest>
  </TestDefinitions>
  <TestEntries>
    <TestEntry testId="43f84606-b6c5-64b7-bc6e-37de90b408da" executionId="6e5ddfd8-eb41-429e-837a-468c2c36746d" testListId="8c84fa94-04c1-424b-9868-57a2d4851a1d" />
  </TestEntries>
  <TestLists>
    <TestList name="Results Not in a List" id="8c84fa94-04c1-424b-9868-57a2d4851a1d" />
    <TestList name="All Loaded Results" id="19431567-8539-422a-85d7-44ee4e166bda" />
  </TestLists>
  <ResultSummary outcome="Completed">
    <Counters total="1" executed="1" passed="1" failed="0" error="0" timeout="0" aborted="0" inconclusive="0" passedButRunAborted="0" notRunnable="0" notExecuted="0" disconnected="0" warning="0" completed="0" inProgress="0" pending="0" />
    <Output>
      <StdOut>Test Parallelization enabled for /home/runner/work/BlackBytesBox.Serilog.AnsiConsoleThemes/BlackBytesBox.Serilog.AnsiConsoleThemes/source/BlackBytesBox.Serilog.AnsiConsoleThemes/BlackBytesBox.Serilog.AnsiConsoleThemes.Tests/bin/Release/net9.0/BlackBytesBox.Serilog.AnsiConsoleThemes.Tests.dll (Workers: 4, Scope: MethodLevel)
</StdOut>
    </Output>
  </ResultSummary>
</TestRun>