<?xml version="1.0" encoding="utf-8"?>
<TestRun id="d1998b47-ffcd-4b5a-8ca2-7197048c840b" name="@fv-az1046-954 2025-06-10 07:42:30" xmlns="http://microsoft.com/schemas/VisualStudio/TeamTest/2010">
  <Times creation="2025-06-10T07:42:30.6240978+00:00" queuing="2025-06-10T07:42:30.6240979+00:00" start="2025-06-10T07:42:29.8023534+00:00" finish="2025-06-10T07:42:30.6316060+00:00" />
  <TestSettings name="default" id="ba233f5a-0f73-4672-9cc0-8132756a1ce6">
    <Deployment runDeploymentRoot="_fv-az1046-954_2025-06-10_07_42_30" />
  </TestSettings>
  <Results>
    <UnitTestResult executionId="d59e501f-20a0-4f54-b722-87774fc36f6f" testId="43f84606-b6c5-64b7-bc6e-37de90b408da" testName="TestMyMiddlewareIntegration (100)" computerName="fv-az1046-954" duration="00:00:00.1045073" startTime="2025-06-10T07:42:30.2615142+00:00" endTime="2025-06-10T07:42:30.4972592+00:00" testType="13cdc9d9-ddb5-4fa4-a97d-d965ccfc6d4b" outcome="Passed" testListId="8c84fa94-04c1-424b-9868-57a2d4851a1d" relativeResultsDirectory="d59e501f-20a0-4f54-b722-87774fc36f6f">
      <Output>
        <StdOut>07:42:30.36 INF Ctx: Microsoft.Hosting.Lifetime
07:42:30.36 INF Msg: Application started. Press Ctrl+C to shut down.
07:42:30.37 INF Ctx: Microsoft.Hosting.Lifetime
07:42:30.37 INF Msg: Hosting environment: Production
07:42:30.37 INF Ctx: Microsoft.Hosting.Lifetime
07:42:30.37 INF Msg: Content root path: /home/runner/work/BlackBytesBox.Serilog.AnsiConsoleThemes/BlackBytesBox.Serilog.AnsiConsoleThemes/source/BlackBytesBox.Serilog.AnsiConsoleThemes/BlackBytesBox.Serilog.AnsiConsoleThemes.Tests/bin/Release/net9.0
07:42:30.49 INF Ctx: Microsoft.Hosting.Lifetime
07:42:30.49 INF Msg: Application is shutting down...</StdOut>
      </Output>
    </UnitTestResult>
  </Results>
  <TestDefinitions>
    <UnitTest name="TestMyMiddlewareIntegration (100)" storage="/home/runner/work/blackbytesbox.serilog.ansiconsolethemes/blackbytesbox.serilog.ansiconsolethemes/source/blackbytesbox.serilog.ansiconsolethemes/blackbytesbox.serilog.ansiconsolethemes.tests/bin/release/net9.0/blackbytesbox.serilog.ansiconsolethemes.tests.dll" id="43f84606-b6c5-64b7-bc6e-37de90b408da">
      <Execution id="d59e501f-20a0-4f54-b722-87774fc36f6f" />
      <TestMethod codeBase="/home/runner/work/BlackBytesBox.Serilog.AnsiConsoleThemes/BlackBytesBox.Serilog.AnsiConsoleThemes/source/BlackBytesBox.Serilog.AnsiConsoleThemes/BlackBytesBox.Serilog.AnsiConsoleThemes.Tests/bin/Release/net9.0/BlackBytesBox.Serilog.AnsiConsoleThemes.Tests.dll" adapterTypeName="executor://mstestadapter/v2" className="BlackBytesBox.Serilog.AnsiConsoleThemes.Tests.VisualInspecionTest" name="TestMyMiddlewareIntegration" />
    </UnitTest>
  </TestDefinitions>
  <TestEntries>
    <TestEntry testId="43f84606-b6c5-64b7-bc6e-37de90b408da" executionId="d59e501f-20a0-4f54-b722-87774fc36f6f" testListId="8c84fa94-04c1-424b-9868-57a2d4851a1d" />
  </TestEntries>
  <TestLists>
    <TestList name="Results Not in a List" id="8c84fa94-04c1-424b-9868-57a2d4851a1d" />
    <TestList name="All Loaded Results" id="19431567-8539-422a-85d7-44ee4e166bda" />
  </TestLists>
  <ResultSummary outcome="Completed">
    <Counters total="1" executed="1" passed="1" failed="0" error="0" timeout="0" aborted="0" inconclusive="0" passedButRunAborted="0" notRunnable="0" notExecuted="0" disconnected="0" warning="0" completed="0" inProgress="0" pending="0" />
    <Output>
      <StdOut>Test Parallelization enabled for /home/runner/work/BlackBytesBox.Serilog.AnsiConsoleThemes/BlackBytesBox.Serilog.AnsiConsoleThemes/source/BlackBytesBox.Serilog.AnsiConsoleThemes/BlackBytesBox.Serilog.AnsiConsoleThemes.Tests/bin/Release/net9.0/BlackBytesBox.Serilog.AnsiConsoleThemes.Tests.dll (Workers: 4, Scope: MethodLevel)
</StdOut>
    </Output>
  </ResultSummary>
</TestRun>